[2017-03-23 17:59:21] production.ERROR: exception 'RuntimeException' with message 'The only supported ciphers are AES-128-CBC and AES-256-CBC with the correct key lengths.' in /var/www/html/preseme.com.br/web/clinica/vendor/laravel/framework/src/Illuminate/Encryption/Encrypter.php:43
Stack trace:
#0 /var/www/html/preseme.com.br/web/clinica/vendor/laravel/framework/src/Illuminate/Encryption/EncryptionServiceProvider.php(27): Illuminate\Encryption\Encrypter->__construct(NULL, 'AES-256-CBC')
#1 /var/www/html/preseme.com.br/web/clinica/vendor/laravel/framework/src/Illuminate/Container/Container.php(716): Illuminate\Encryption\EncryptionServiceProvider->Illuminate\Encryption\{closure}(Object(Illuminate\Foundation\Application), Array)
#2 /var/www/html/preseme.com.br/web/clinica/vendor/laravel/framework/src/Illuminate/Container/Container.php(598): Illuminate\Container\Container->build(Object(Closure))
#3 /var/www/html/preseme.com.br/web/clinica/vendor/laravel/framework/src/Illuminate/Container/Container.php(567): Illuminate\Container\Container->resolve('encrypter')
#4 /var/www/html/preseme.com.br/web/clinica/vendor/laravel/framework/src/Illuminate/Foundation/Application.php(702): Illuminate\Container\Container->make('encrypter')
#5 /var/www/html/preseme.com.br/web/clinica/vendor/laravel/framework/src/Illuminate/Container/Container.php(840): Illuminate\Foundation\Application->make('Illuminate\\Cont...')
#6 /var/www/html/preseme.com.br/web/clinica/vendor/laravel/framework/src/Illuminate/Container/Container.php(780): Illuminate\Container\Container->resolveClass(Object(ReflectionParameter))
#7 /var/www/html/preseme.com.br/web/clinica/vendor/laravel/framework/src/Illuminate/Container/Container.php(748): Illuminate\Container\Container->resolveDependencies(Array)
#8 /var/www/html/preseme.com.br/web/clinica/vendor/laravel/framework/src/Illuminate/Container/Container.php(598): Illuminate\Container\Container->build('App\\Http\\Middle...')
#9 /var/www/html/preseme.com.br/web/clinica/vendor/laravel/framework/src/Illuminate/Container/Container.php(567): Illuminate\Container\Container->resolve('App\\Http\\Middle...')
#10 /var/www/html/preseme.com.br/web/clinica/vendor/laravel/framework/src/Illuminate/Foundation/Application.php(702): Illuminate\Container\Container->make('App\\Http\\Middle...')
#11 /var/www/html/preseme.com.br/web/clinica/vendor/laravel/framework/src/Illuminate/Pipeline/Pipeline.php(138): Illuminate\Foundation\Application->make('App\\Http\\Middle...')
#12 /var/www/html/preseme.com.br/web/clinica/vendor/laravel/framework/src/Illuminate/Routing/Pipeline.php(53): Illuminate\Pipeline\Pipeline->Illuminate\Pipeline\{closure}(Object(Illuminate\Http\Request))
#13 /var/www/html/preseme.com.br/web/clinica/vendor/laravel/framework/src/Illuminate/Pipeline/Pipeline.php(102): Illuminate\Routing\Pipeline->Illuminate\Routing\{closure}(Object(Illuminate\Http\Request))
#14 /var/www/html/preseme.com.br/web/clinica/vendor/laravel/framework/src/Illuminate/Routing/Router.php(561): Illuminate\Pipeline\Pipeline->then(Object(Closure))
#15 /var/www/html/preseme.com.br/web/clinica/vendor/laravel/framework/src/Illuminate/Routing/Router.php(520): Illuminate\Routing\Router->runRouteWithinStack(Object(Illuminate\Routing\Route), Object(Illuminate\Http\Request))
#16 /var/www/html/preseme.com.br/web/clinica/vendor/laravel/framework/src/Illuminate/Routing/Router.php(498): Illuminate\Routing\Router->dispatchToRoute(Object(Illuminate\Http\Request))
#17 /var/www/html/preseme.com.br/web/clinica/vendor/laravel/framework/src/Illuminate/Foundation/Http/Kernel.php(174): Illuminate\Routing\Router->dispatch(Object(Illuminate\Http\Request))
#18 /var/www/html/preseme.com.br/web/clinica/vendor/laravel/framework/src/Illuminate/Routing/Pipeline.php(30): Illuminate\Foundation\Http\Kernel->Illuminate\Foundation\Http\{closure}(Object(Illuminate\Http\Request))
#19 /var/www/html/preseme.com.br/web/clinica/vendor/laravel/framework/src/Illuminate/Foundation/Http/Middleware/TransformsRequest.php(30): Illuminate\Routing\Pipeline->Illuminate\Routing\{closure}(Object(Illuminate\Http\Request))
#20 /var/www/html/preseme.com.br/web/clinica/vendor/laravel/framework/src/Illuminate/Pipeline/Pipeline.php(148): Illuminate\Foundation\Http\Middleware\TransformsRequest->handle(Object(Illuminate\Http\Request), Object(Closure))
#21 /var/www/html/preseme.com.br/web/clinica/vendor/laravel/framework/src/Illuminate/Routing/Pipeline.php(53): Illuminate\Pipeline\Pipeline->Illuminate\Pipeline\{closure}(Object(Illuminate\Http\Request))
#22 /var/www/html/preseme.com.br/web/clinica/vendor/laravel/framework/src/Illuminate/Foundation/Http/Middleware/TransformsRequest.php(30): Illuminate\Routing\Pipeline->Illuminate\Routing\{closure}(Object(Illuminate\Http\Request))
#23 /var/www/html/preseme.com.br/web/clinica/vendor/laravel/framework/src/Illuminate/Pipeline/Pipeline.php(148): Illuminate\Foundation\Http\Middleware\TransformsRequest->handle(Object(Illuminate\Http\Request), Object(Closure))
#24 /var/www/html/preseme.com.br/web/clinica/vendor/laravel/framework/src/Illuminate/Routing/Pipeline.php(53): Illuminate\Pipeline\Pipeline->Illuminate\Pipeline\{closure}(Object(Illuminate\Http\Request))
#25 /var/www/html/preseme.com.br/web/clinica/vendor/laravel/framework/src/Illuminate/Foundation/Http/Middleware/ValidatePostSize.php(27): Illuminate\Routing\Pipeline->Illuminate\Routing\{closure}(Object(Illuminate\Http\Request))
#26 /var/www/html/preseme.com.br/web/clinica/vendor/laravel/framework/src/Illuminate/Pipeline/Pipeline.php(148): Illuminate\Foundation\Http\Middleware\ValidatePostSize->handle(Object(Illuminate\Http\Request), Object(Closure))
#27 /var/www/html/preseme.com.br/web/clinica/vendor/laravel/framework/src/Illuminate/Routing/Pipeline.php(53): Illuminate\Pipeline\Pipeline->Illuminate\Pipeline\{closure}(Object(Illuminate\Http\Request))
#28 /var/www/html/preseme.com.br/web/clinica/vendor/laravel/framework/src/Illuminate/Foundation/Http/Middleware/CheckForMaintenanceMode.php(46): Illuminate\Routing\Pipeline->Illuminate\Routing\{closure}(Object(Illuminate\Http\Request))
#29 /var/www/html/preseme.com.br/web/clinica/vendor/laravel/framework/src/Illuminate/Pipeline/Pipeline.php(148): Illuminate\Foundation\Http\Middleware\CheckForMaintenanceMode->handle(Object(Illuminate\Http\Request), Object(Closure))
#30 /var/www/html/preseme.com.br/web/clinica/vendor/laravel/framework/src/Illuminate/Routing/Pipeline.php(53): Illuminate\Pipeline\Pipeline->Illuminate\Pipeline\{closure}(Object(Illuminate\Http\Request))
#31 /var/www/html/preseme.com.br/web/clinica/vendor/laravel/framework/src/Illuminate/Pipeline/Pipeline.php(102): Illuminate\Routing\Pipeline->Illuminate\Routing\{closure}(Object(Illuminate\Http\Request))
#32 /var/www/html/preseme.com.br/web/clinica/vendor/laravel/framework/src/Illuminate/Foundation/Http/Kernel.php(149): Illuminate\Pipeline\Pipeline->then(Object(Closure))
#33 /var/www/html/preseme.com.br/web/clinica/vendor/laravel/framework/src/Illuminate/Foundation/Http/Kernel.php(116): Illuminate\Foundation\Http\Kernel->sendRequestThroughRouter(Object(Illuminate\Http\Request))
#34 /var/www/html/preseme.com.br/web/index.php(54): Illuminate\Foundation\Http\Kernel->handle(Object(Illuminate\Http\Request))
#35 {main}  
[2017-03-23 17:59:21] production.ERROR: exception 'RuntimeException' with message 'The only supported ciphers are AES-128-CBC and AES-256-CBC with the correct key lengths.' in /var/www/html/preseme.com.br/web/clinica/vendor/laravel/framework/src/Illuminate/Encryption/Encrypter.php:43
Stack trace:
#0 /var/www/html/preseme.com.br/web/clinica/vendor/laravel/framework/src/Illuminate/Encryption/EncryptionServiceProvider.php(27): Illuminate\Encryption\Encrypter->__construct(NULL, 'AES-256-CBC')
#1 /var/www/html/preseme.com.br/web/clinica/vendor/laravel/framework/src/Illuminate/Container/Container.php(716): Illuminate\Encryption\EncryptionServiceProvider->Illuminate\Encryption\{closure}(Object(Illuminate\Foundation\Application), Array)
#2 /var/www/html/preseme.com.br/web/clinica/vendor/laravel/framework/src/Illuminate/Container/Container.php(598): Illuminate\Container\Container->build(Object(Closure))
#3 /var/www/html/preseme.com.br/web/clinica/vendor/laravel/framework/src/Illuminate/Container/Container.php(567): Illuminate\Container\Container->resolve('encrypter')
#4 /var/www/html/preseme.com.br/web/clinica/vendor/laravel/framework/src/Illuminate/Foundation/Application.php(702): Illuminate\Container\Container->make('encrypter')
#5 /var/www/html/preseme.com.br/web/clinica/vendor/laravel/framework/src/Illuminate/Container/Container.php(840): Illuminate\Foundation\Application->make('Illuminate\\Cont...')
#6 /var/www/html/preseme.com.br/web/clinica/vendor/laravel/framework/src/Illuminate/Container/Container.php(780): Illuminate\Container\Container->resolveClass(Object(ReflectionParameter))
#7 /var/www/html/preseme.com.br/web/clinica/vendor/laravel/framework/src/Illuminate/Container/Container.php(748): Illuminate\Container\Container->resolveDependencies(Array)
#8 /var/www/html/preseme.com.br/web/clinica/vendor/laravel/framework/src/Illuminate/Container/Container.php(598): Illuminate\Container\Container->build('App\\Http\\Middle...')
#9 /var/www/html/preseme.com.br/web/clinica/vendor/laravel/framework/src/Illuminate/Container/Container.php(567): Illuminate\Container\Container->resolve('App\\Http\\Middle...')
#10 /var/www/html/preseme.com.br/web/clinica/vendor/laravel/framework/src/Illuminate/Foundation/Application.php(702): Illuminate\Container\Container->make('App\\Http\\Middle...')
#11 /var/www/html/preseme.com.br/web/clinica/vendor/laravel/framework/src/Illuminate/Foundation/Http/Kernel.php(213): Illuminate\Foundation\Application->make('App\\Http\\Middle...')
#12 /var/www/html/preseme.com.br/web/clinica/vendor/laravel/framework/src/Illuminate/Foundation/Http/Kernel.php(187): Illuminate\Foundation\Http\Kernel->terminateMiddleware(Object(Illuminate\Http\Request), Object(Illuminate\Http\Response))
#13 /var/www/html/preseme.com.br/web/index.php(58): Illuminate\Foundation\Http\Kernel->terminate(Object(Illuminate\Http\Request), Object(Illuminate\Http\Response))
#14 {main}  
[2017-03-23 17:59:23] production.ERROR: exception 'RuntimeException' with message 'The only supported ciphers are AES-128-CBC and AES-256-CBC with the correct key lengths.' in /var/www/html/preseme.com.br/web/clinica/vendor/laravel/framework/src/Illuminate/Encryption/Encrypter.php:43
Stack trace:
#0 /var/www/html/preseme.com.br/web/clinica/vendor/laravel/framework/src/Illuminate/Encryption/EncryptionServiceProvider.php(27): Illuminate\Encryption\Encrypter->__construct(NULL, 'AES-256-CBC')
#1 /var/www/html/preseme.com.br/web/clinica/vendor/laravel/framework/src/Illuminate/Container/Container.php(716): Illuminate\Encryption\EncryptionServiceProvider->Illuminate\Encryption\{closure}(Object(Illuminate\Foundation\Application), Array)
#2 /var/www/html/preseme.com.br/web/clinica/vendor/laravel/framework/src/Illuminate/Container/Container.php(598): Illuminate\Container\Container->build(Object(Closure))
#3 /var/www/html/preseme.com.br/web/clinica/vendor/laravel/framework/src/Illuminate/Container/Container.php(567): Illuminate\Container\Container->resolve('encrypter')
#4 /var/www/html/preseme.com.br/web/clinica/vendor/laravel/framework/src/Illuminate/Foundation/Application.php(702): Illuminate\Container\Container->make('encrypter')
#5 /var/www/html/preseme.com.br/web/clinica/vendor/laravel/framework/src/Illuminate/Container/Container.php(840): Illuminate\Foundation\Application->make('Illuminate\\Cont...')
#6 /var/www/html/preseme.com.br/web/clinica/vendor/laravel/framework/src/Illuminate/Container/Container.php(780): Illuminate\Container\Container->resolveClass(Object(ReflectionParameter))
#7 /var/www/html/preseme.com.br/web/clinica/vendor/laravel/framework/src/Illuminate/Container/Container.php(748): Illuminate\Container\Container->resolveDependencies(Array)
#8 /var/www/html/preseme.com.br/web/clinica/vendor/laravel/framework/src/Illuminate/Container/Container.php(598): Illuminate\Container\Container->build('App\\Http\\Middle...')
#9 /var/www/html/preseme.com.br/web/clinica/vendor/laravel/framework/src/Illuminate/Container/Container.php(567): Illuminate\Container\Container->resolve('App\\Http\\Middle...')
#10 /var/www/html/preseme.com.br/web/clinica/vendor/laravel/framework/src/Illuminate/Foundation/Application.php(702): Illuminate\Container\Container->make('App\\Http\\Middle...')
#11 /var/www/html/preseme.com.br/web/clinica/vendor/laravel/framework/src/Illuminate/Pipeline/Pipeline.php(138): Illuminate\Foundation\Application->make('App\\Http\\Middle...')
#12 /var/www/html/preseme.com.br/web/clinica/vendor/laravel/framework/src/Illuminate/Routing/Pipeline.php(53): Illuminate\Pipeline\Pipeline->Illuminate\Pipeline\{closure}(Object(Illuminate\Http\Request))
#13 /var/www/html/preseme.com.br/web/clinica/vendor/laravel/framework/src/Illuminate/Pipeline/Pipeline.php(102): Illuminate\Routing\Pipeline->Illuminate\Routing\{closure}(Object(Illuminate\Http\Request))
#14 /var/www/html/preseme.com.br/web/clinica/vendor/laravel/framework/src/Illuminate/Routing/Router.php(561): Illuminate\Pipeline\Pipeline->then(Object(Closure))
#15 /var/www/html/preseme.com.br/web/clinica/vendor/laravel/framework/src/Illuminate/Routing/Router.php(520): Illuminate\Routing\Router->runRouteWithinStack(Object(Illuminate\Routing\Route), Object(Illuminate\Http\Request))
#16 /var/www/html/preseme.com.br/web/clinica/vendor/laravel/framework/src/Illuminate/Routing/Router.php(498): Illuminate\Routing\Router->dispatchToRoute(Object(Illuminate\Http\Request))
#17 /var/www/html/preseme.com.br/web/clinica/vendor/laravel/framework/src/Illuminate/Foundation/Http/Kernel.php(174): Illuminate\Routing\Router->dispatch(Object(Illuminate\Http\Request))
#18 /var/www/html/preseme.com.br/web/clinica/vendor/laravel/framework/src/Illuminate/Routing/Pipeline.php(30): Illuminate\Foundation\Http\Kernel->Illuminate\Foundation\Http\{closure}(Object(Illuminate\Http\Request))
#19 /var/www/html/preseme.com.br/web/clinica/vendor/laravel/framework/src/Illuminate/Foundation/Http/Middleware/TransformsRequest.php(30): Illuminate\Routing\Pipeline->Illuminate\Routing\{closure}(Object(Illuminate\Http\Request))
#20 /var/www/html/preseme.com.br/web/clinica/vendor/laravel/framework/src/Illuminate/Pipeline/Pipeline.php(148): Illuminate\Foundation\Http\Middleware\TransformsRequest->handle(Object(Illuminate\Http\Request), Object(Closure))
#21 /var/www/html/preseme.com.br/web/clinica/vendor/laravel/framework/src/Illuminate/Routing/Pipeline.php(53): Illuminate\Pipeline\Pipeline->Illuminate\Pipeline\{closure}(Object(Illuminate\Http\Request))
#22 /var/www/html/preseme.com.br/web/clinica/vendor/laravel/framework/src/Illuminate/Foundation/Http/Middleware/TransformsRequest.php(30): Illuminate\Routing\Pipeline->Illuminate\Routing\{closure}(Object(Illuminate\Http\Request))
#23 /var/www/html/preseme.com.br/web/clinica/vendor/laravel/framework/src/Illuminate/Pipeline/Pipeline.php(148): Illuminate\Foundation\Http\Middleware\TransformsRequest->handle(Object(Illuminate\Http\Request), Object(Closure))
#24 /var/www/html/preseme.com.br/web/clinica/vendor/laravel/framework/src/Illuminate/Routing/Pipeline.php(53): Illuminate\Pipeline\Pipeline->Illuminate\Pipeline\{closure}(Object(Illuminate\Http\Request))
#25 /var/www/html/preseme.com.br/web/clinica/vendor/laravel/framework/src/Illuminate/Foundation/Http/Middleware/ValidatePostSize.php(27): Illuminate\Routing\Pipeline->Illuminate\Routing\{closure}(Object(Illuminate\Http\Request))
#26 /var/www/html/preseme.com.br/web/clinica/vendor/laravel/framework/src/Illuminate/Pipeline/Pipeline.php(148): Illuminate\Foundation\Http\Middleware\ValidatePostSize->handle(Object(Illuminate\Http\Request), Object(Closure))
#27 /var/www/html/preseme.com.br/web/clinica/vendor/laravel/framework/src/Illuminate/Routing/Pipeline.php(53): Illuminate\Pipeline\Pipeline->Illuminate\Pipeline\{closure}(Object(Illuminate\Http\Request))
#28 /var/www/html/preseme.com.br/web/clinica/vendor/laravel/framework/src/Illuminate/Foundation/Http/Middleware/CheckForMaintenanceMode.php(46): Illuminate\Routing\Pipeline->Illuminate\Routing\{closure}(Object(Illuminate\Http\Request))
#29 /var/www/html/preseme.com.br/web/clinica/vendor/laravel/framework/src/Illuminate/Pipeline/Pipeline.php(148): Illuminate\Foundation\Http\Middleware\CheckForMaintenanceMode->handle(Object(Illuminate\Http\Request), Object(Closure))
#30 /var/www/html/preseme.com.br/web/clinica/vendor/laravel/framework/src/Illuminate/Routing/Pipeline.php(53): Illuminate\Pipeline\Pipeline->Illuminate\Pipeline\{closure}(Object(Illuminate\Http\Request))
#31 /var/www/html/preseme.com.br/web/clinica/vendor/laravel/framework/src/Illuminate/Pipeline/Pipeline.php(102): Illuminate\Routing\Pipeline->Illuminate\Routing\{closure}(Object(Illuminate\Http\Request))
#32 /var/www/html/preseme.com.br/web/clinica/vendor/laravel/framework/src/Illuminate/Foundation/Http/Kernel.php(149): Illuminate\Pipeline\Pipeline->then(Object(Closure))
#33 /var/www/html/preseme.com.br/web/clinica/vendor/laravel/framework/src/Illuminate/Foundation/Http/Kernel.php(116): Illuminate\Foundation\Http\Kernel->sendRequestThroughRouter(Object(Illuminate\Http\Request))
#34 /var/www/html/preseme.com.br/web/index.php(54): Illuminate\Foundation\Http\Kernel->handle(Object(Illuminate\Http\Request))
#35 {main}  
[2017-03-23 17:59:23] production.ERROR: exception 'RuntimeException' with message 'The only supported ciphers are AES-128-CBC and AES-256-CBC with the correct key lengths.' in /var/www/html/preseme.com.br/web/clinica/vendor/laravel/framework/src/Illuminate/Encryption/Encrypter.php:43
Stack trace:
#0 /var/www/html/preseme.com.br/web/clinica/vendor/laravel/framework/src/Illuminate/Encryption/EncryptionServiceProvider.php(27): Illuminate\Encryption\Encrypter->__construct(NULL, 'AES-256-CBC')
#1 /var/www/html/preseme.com.br/web/clinica/vendor/laravel/framework/src/Illuminate/Container/Container.php(716): Illuminate\Encryption\EncryptionServiceProvider->Illuminate\Encryption\{closure}(Object(Illuminate\Foundation\Application), Array)
#2 /var/www/html/preseme.com.br/web/clinica/vendor/laravel/framework/src/Illuminate/Container/Container.php(598): Illuminate\Container\Container->build(Object(Closure))
#3 /var/www/html/preseme.com.br/web/clinica/vendor/laravel/framework/src/Illuminate/Container/Container.php(567): Illuminate\Container\Container->resolve('encrypter')
#4 /var/www/html/preseme.com.br/web/clinica/vendor/laravel/framework/src/Illuminate/Foundation/Application.php(702): Illuminate\Container\Container->make('encrypter')
#5 /var/www/html/preseme.com.br/web/clinica/vendor/laravel/framework/src/Illuminate/Container/Container.php(840): Illuminate\Foundation\Application->make('Illuminate\\Cont...')
#6 /var/www/html/preseme.com.br/web/clinica/vendor/laravel/framework/src/Illuminate/Container/Container.php(780): Illuminate\Container\Container->resolveClass(Object(ReflectionParameter))
#7 /var/www/html/preseme.com.br/web/clinica/vendor/laravel/framework/src/Illuminate/Container/Container.php(748): Illuminate\Container\Container->resolveDependencies(Array)
#8 /var/www/html/preseme.com.br/web/clinica/vendor/laravel/framework/src/Illuminate/Container/Container.php(598): Illuminate\Container\Container->build('App\\Http\\Middle...')
#9 /var/www/html/preseme.com.br/web/clinica/vendor/laravel/framework/src/Illuminate/Container/Container.php(567): Illuminate\Container\Container->resolve('App\\Http\\Middle...')
#10 /var/www/html/preseme.com.br/web/clinica/vendor/laravel/framework/src/Illuminate/Foundation/Application.php(702): Illuminate\Container\Container->make('App\\Http\\Middle...')
#11 /var/www/html/preseme.com.br/web/clinica/vendor/laravel/framework/src/Illuminate/Foundation/Http/Kernel.php(213): Illuminate\Foundation\Application->make('App\\Http\\Middle...')
#12 /var/www/html/preseme.com.br/web/clinica/vendor/laravel/framework/src/Illuminate/Foundation/Http/Kernel.php(187): Illuminate\Foundation\Http\Kernel->terminateMiddleware(Object(Illuminate\Http\Request), Object(Illuminate\Http\Response))
#13 /var/www/html/preseme.com.br/web/index.php(58): Illuminate\Foundation\Http\Kernel->terminate(Object(Illuminate\Http\Request), Object(Illuminate\Http\Response))
#14 {main}  
[2017-03-23 18:00:28] production.ERROR: exception 'RuntimeException' with message 'The only supported ciphers are AES-128-CBC and AES-256-CBC with the correct key lengths.' in /var/www/html/preseme.com.br/web/clinica/vendor/laravel/framework/src/Illuminate/Encryption/Encrypter.php:43
Stack trace:
#0 /var/www/html/preseme.com.br/web/clinica/vendor/laravel/framework/src/Illuminate/Encryption/EncryptionServiceProvider.php(27): Illuminate\Encryption\Encrypter->__construct(NULL, 'AES-256-CBC')
#1 /var/www/html/preseme.com.br/web/clinica/vendor/laravel/framework/src/Illuminate/Container/Container.php(716): Illuminate\Encryption\EncryptionServiceProvider->Illuminate\Encryption\{closure}(Object(Illuminate\Foundation\Application), Array)
#2 /var/www/html/preseme.com.br/web/clinica/vendor/laravel/framework/src/Illuminate/Container/Container.php(598): Illuminate\Container\Container->build(Object(Closure))
#3 /var/www/html/preseme.com.br/web/clinica/vendor/laravel/framework/src/Illuminate/Container/Container.php(567): Illuminate\Container\Container->resolve('encrypter')
#4 /var/www/html/preseme.com.br/web/clinica/vendor/laravel/framework/src/Illuminate/Foundation/Application.php(702): Illuminate\Container\Container->make('encrypter')
#5 /var/www/html/preseme.com.br/web/clinica/vendor/laravel/framework/src/Illuminate/Container/Container.php(840): Illuminate\Foundation\Application->make('Illuminate\\Cont...')
#6 /var/www/html/preseme.com.br/web/clinica/vendor/laravel/framework/src/Illuminate/Container/Container.php(780): Illuminate\Container\Container->resolveClass(Object(ReflectionParameter))
#7 /var/www/html/preseme.com.br/web/clinica/vendor/laravel/framework/src/Illuminate/Container/Container.php(748): Illuminate\Container\Container->resolveDependencies(Array)
#8 /var/www/html/preseme.com.br/web/clinica/vendor/laravel/framework/src/Illuminate/Container/Container.php(598): Illuminate\Container\Container->build('App\\Http\\Middle...')
#9 /var/www/html/preseme.com.br/web/clinica/vendor/laravel/framework/src/Illuminate/Container/Container.php(567): Illuminate\Container\Container->resolve('App\\Http\\Middle...')
#10 /var/www/html/preseme.com.br/web/clinica/vendor/laravel/framework/src/Illuminate/Foundation/Application.php(702): Illuminate\Container\Container->make('App\\Http\\Middle...')
#11 /var/www/html/preseme.com.br/web/clinica/vendor/laravel/framework/src/Illuminate/Pipeline/Pipeline.php(138): Illuminate\Foundation\Application->make('App\\Http\\Middle...')
#12 /var/www/html/preseme.com.br/web/clinica/vendor/laravel/framework/src/Illuminate/Routing/Pipeline.php(53): Illuminate\Pipeline\Pipeline->Illuminate\Pipeline\{closure}(Object(Illuminate\Http\Request))
#13 /var/www/html/preseme.com.br/web/clinica/vendor/laravel/framework/src/Illuminate/Pipeline/Pipeline.php(102): Illuminate\Routing\Pipeline->Illuminate\Routing\{closure}(Object(Illuminate\Http\Request))
#14 /var/www/html/preseme.com.br/web/clinica/vendor/laravel/framework/src/Illuminate/Routing/Router.php(561): Illuminate\Pipeline\Pipeline->then(Object(Closure))
#15 /var/www/html/preseme.com.br/web/clinica/vendor/laravel/framework/src/Illuminate/Routing/Router.php(520): Illuminate\Routing\Router->runRouteWithinStack(Object(Illuminate\Routing\Route), Object(Illuminate\Http\Request))
#16 /var/www/html/preseme.com.br/web/clinica/vendor/laravel/framework/src/Illuminate/Routing/Router.php(498): Illuminate\Routing\Router->dispatchToRoute(Object(Illuminate\Http\Request))
#17 /var/www/html/preseme.com.br/web/clinica/vendor/laravel/framework/src/Illuminate/Foundation/Http/Kernel.php(174): Illuminate\Routing\Router->dispatch(Object(Illuminate\Http\Request))
#18 /var/www/html/preseme.com.br/web/clinica/vendor/laravel/framework/src/Illuminate/Routing/Pipeline.php(30): Illuminate\Foundation\Http\Kernel->Illuminate\Foundation\Http\{closure}(Object(Illuminate\Http\Request))
#19 /var/www/html/preseme.com.br/web/clinica/vendor/laravel/framework/src/Illuminate/Foundation/Http/Middleware/TransformsRequest.php(30): Illuminate\Routing\Pipeline->Illuminate\Routing\{closure}(Object(Illuminate\Http\Request))
#20 /var/www/html/preseme.com.br/web/clinica/vendor/laravel/framework/src/Illuminate/Pipeline/Pipeline.php(148): Illuminate\Foundation\Http\Middleware\TransformsRequest->handle(Object(Illuminate\Http\Request), Object(Closure))
#21 /var/www/html/preseme.com.br/web/clinica/vendor/laravel/framework/src/Illuminate/Routing/Pipeline.php(53): Illuminate\Pipeline\Pipeline->Illuminate\Pipeline\{closure}(Object(Illuminate\Http\Request))
#22 /var/www/html/preseme.com.br/web/clinica/vendor/laravel/framework/src/Illuminate/Foundation/Http/Middleware/TransformsRequest.php(30): Illuminate\Routing\Pipeline->Illuminate\Routing\{closure}(Object(Illuminate\Http\Request))
#23 /var/www/html/preseme.com.br/web/clinica/vendor/laravel/framework/src/Illuminate/Pipeline/Pipeline.php(148): Illuminate\Foundation\Http\Middleware\TransformsRequest->handle(Object(Illuminate\Http\Request), Object(Closure))
#24 /var/www/html/preseme.com.br/web/clinica/vendor/laravel/framework/src/Illuminate/Routing/Pipeline.php(53): Illuminate\Pipeline\Pipeline->Illuminate\Pipeline\{closure}(Object(Illuminate\Http\Request))
#25 /var/www/html/preseme.com.br/web/clinica/vendor/laravel/framework/src/Illuminate/Foundation/Http/Middleware/ValidatePostSize.php(27): Illuminate\Routing\Pipeline->Illuminate\Routing\{closure}(Object(Illuminate\Http\Request))
#26 /var/www/html/preseme.com.br/web/clinica/vendor/laravel/framework/src/Illuminate/Pipeline/Pipeline.php(148): Illuminate\Foundation\Http\Middleware\ValidatePostSize->handle(Object(Illuminate\Http\Request), Object(Closure))
#27 /var/www/html/preseme.com.br/web/clinica/vendor/laravel/framework/src/Illuminate/Routing/Pipeline.php(53): Illuminate\Pipeline\Pipeline->Illuminate\Pipeline\{closure}(Object(Illuminate\Http\Request))
#28 /var/www/html/preseme.com.br/web/clinica/vendor/laravel/framework/src/Illuminate/Foundation/Http/Middleware/CheckForMaintenanceMode.php(46): Illuminate\Routing\Pipeline->Illuminate\Routing\{closure}(Object(Illuminate\Http\Request))
#29 /var/www/html/preseme.com.br/web/clinica/vendor/laravel/framework/src/Illuminate/Pipeline/Pipeline.php(148): Illuminate\Foundation\Http\Middleware\CheckForMaintenanceMode->handle(Object(Illuminate\Http\Request), Object(Closure))
#30 /var/www/html/preseme.com.br/web/clinica/vendor/laravel/framework/src/Illuminate/Routing/Pipeline.php(53): Illuminate\Pipeline\Pipeline->Illuminate\Pipeline\{closure}(Object(Illuminate\Http\Request))
#31 /var/www/html/preseme.com.br/web/clinica/vendor/laravel/framework/src/Illuminate/Pipeline/Pipeline.php(102): Illuminate\Routing\Pipeline->Illuminate\Routing\{closure}(Object(Illuminate\Http\Request))
#32 /var/www/html/preseme.com.br/web/clinica/vendor/laravel/framework/src/Illuminate/Foundation/Http/Kernel.php(149): Illuminate\Pipeline\Pipeline->then(Object(Closure))
#33 /var/www/html/preseme.com.br/web/clinica/vendor/laravel/framework/src/Illuminate/Foundation/Http/Kernel.php(116): Illuminate\Foundation\Http\Kernel->sendRequestThroughRouter(Object(Illuminate\Http\Request))
#34 /var/www/html/preseme.com.br/web/index.php(54): Illuminate\Foundation\Http\Kernel->handle(Object(Illuminate\Http\Request))
#35 {main}  
[2017-03-23 18:00:28] production.ERROR: exception 'RuntimeException' with message 'The only supported ciphers are AES-128-CBC and AES-256-CBC with the correct key lengths.' in /var/www/html/preseme.com.br/web/clinica/vendor/laravel/framework/src/Illuminate/Encryption/Encrypter.php:43
Stack trace:
#0 /var/www/html/preseme.com.br/web/clinica/vendor/laravel/framework/src/Illuminate/Encryption/EncryptionServiceProvider.php(27): Illuminate\Encryption\Encrypter->__construct(NULL, 'AES-256-CBC')
#1 /var/www/html/preseme.com.br/web/clinica/vendor/laravel/framework/src/Illuminate/Container/Container.php(716): Illuminate\Encryption\EncryptionServiceProvider->Illuminate\Encryption\{closure}(Object(Illuminate\Foundation\Application), Array)
#2 /var/www/html/preseme.com.br/web/clinica/vendor/laravel/framework/src/Illuminate/Container/Container.php(598): Illuminate\Container\Container->build(Object(Closure))
#3 /var/www/html/preseme.com.br/web/clinica/vendor/laravel/framework/src/Illuminate/Container/Container.php(567): Illuminate\Container\Container->resolve('encrypter')
#4 /var/www/html/preseme.com.br/web/clinica/vendor/laravel/framework/src/Illuminate/Foundation/Application.php(702): Illuminate\Container\Container->make('encrypter')
#5 /var/www/html/preseme.com.br/web/clinica/vendor/laravel/framework/src/Illuminate/Container/Container.php(840): Illuminate\Foundation\Application->make('Illuminate\\Cont...')
#6 /var/www/html/preseme.com.br/web/clinica/vendor/laravel/framework/src/Illuminate/Container/Container.php(780): Illuminate\Container\Container->resolveClass(Object(ReflectionParameter))
#7 /var/www/html/preseme.com.br/web/clinica/vendor/laravel/framework/src/Illuminate/Container/Container.php(748): Illuminate\Container\Container->resolveDependencies(Array)
#8 /var/www/html/preseme.com.br/web/clinica/vendor/laravel/framework/src/Illuminate/Container/Container.php(598): Illuminate\Container\Container->build('App\\Http\\Middle...')
#9 /var/www/html/preseme.com.br/web/clinica/vendor/laravel/framework/src/Illuminate/Container/Container.php(567): Illuminate\Container\Container->resolve('App\\Http\\Middle...')
#10 /var/www/html/preseme.com.br/web/clinica/vendor/laravel/framework/src/Illuminate/Foundation/Application.php(702): Illuminate\Container\Container->make('App\\Http\\Middle...')
#11 /var/www/html/preseme.com.br/web/clinica/vendor/laravel/framework/src/Illuminate/Foundation/Http/Kernel.php(213): Illuminate\Foundation\Application->make('App\\Http\\Middle...')
#12 /var/www/html/preseme.com.br/web/clinica/vendor/laravel/framework/src/Illuminate/Foundation/Http/Kernel.php(187): Illuminate\Foundation\Http\Kernel->terminateMiddleware(Object(Illuminate\Http\Request), Object(Illuminate\Http\Response))
#13 /var/www/html/preseme.com.br/web/index.php(58): Illuminate\Foundation\Http\Kernel->terminate(Object(Illuminate\Http\Request), Object(Illuminate\Http\Response))
#14 {main}  
[2017-03-23 18:00:29] production.ERROR: exception 'RuntimeException' with message 'The only supported ciphers are AES-128-CBC and AES-256-CBC with the correct key lengths.' in /var/www/html/preseme.com.br/web/clinica/vendor/laravel/framework/src/Illuminate/Encryption/Encrypter.php:43
Stack trace:
#0 /var/www/html/preseme.com.br/web/clinica/vendor/laravel/framework/src/Illuminate/Encryption/EncryptionServiceProvider.php(27): Illuminate\Encryption\Encrypter->__construct(NULL, 'AES-256-CBC')
#1 /var/www/html/preseme.com.br/web/clinica/vendor/laravel/framework/src/Illuminate/Container/Container.php(716): Illuminate\Encryption\EncryptionServiceProvider->Illuminate\Encryption\{closure}(Object(Illuminate\Foundation\Application), Array)
#2 /var/www/html/preseme.com.br/web/clinica/vendor/laravel/framework/src/Illuminate/Container/Container.php(598): Illuminate\Container\Container->build(Object(Closure))
#3 /var/www/html/preseme.com.br/web/clinica/vendor/laravel/framework/src/Illuminate/Container/Container.php(567): Illuminate\Container\Container->resolve('encrypter')
#4 /var/www/html/preseme.com.br/web/clinica/vendor/laravel/framework/src/Illuminate/Foundation/Application.php(702): Illuminate\Container\Container->make('encrypter')
#5 /var/www/html/preseme.com.br/web/clinica/vendor/laravel/framework/src/Illuminate/Container/Container.php(840): Illuminate\Foundation\Application->make('Illuminate\\Cont...')
#6 /var/www/html/preseme.com.br/web/clinica/vendor/laravel/framework/src/Illuminate/Container/Container.php(780): Illuminate\Container\Container->resolveClass(Object(ReflectionParameter))
#7 /var/www/html/preseme.com.br/web/clinica/vendor/laravel/framework/src/Illuminate/Container/Container.php(748): Illuminate\Container\Container->resolveDependencies(Array)
#8 /var/www/html/preseme.com.br/web/clinica/vendor/laravel/framework/src/Illuminate/Container/Container.php(598): Illuminate\Container\Container->build('App\\Http\\Middle...')
#9 /var/www/html/preseme.com.br/web/clinica/vendor/laravel/framework/src/Illuminate/Container/Container.php(567): Illuminate\Container\Container->resolve('App\\Http\\Middle...')
#10 /var/www/html/preseme.com.br/web/clinica/vendor/laravel/framework/src/Illuminate/Foundation/Application.php(702): Illuminate\Container\Container->make('App\\Http\\Middle...')
#11 /var/www/html/preseme.com.br/web/clinica/vendor/laravel/framework/src/Illuminate/Pipeline/Pipeline.php(138): Illuminate\Foundation\Application->make('App\\Http\\Middle...')
#12 /var/www/html/preseme.com.br/web/clinica/vendor/laravel/framework/src/Illuminate/Routing/Pipeline.php(53): Illuminate\Pipeline\Pipeline->Illuminate\Pipeline\{closure}(Object(Illuminate\Http\Request))
#13 /var/www/html/preseme.com.br/web/clinica/vendor/laravel/framework/src/Illuminate/Pipeline/Pipeline.php(102): Illuminate\Routing\Pipeline->Illuminate\Routing\{closure}(Object(Illuminate\Http\Request))
#14 /var/www/html/preseme.com.br/web/clinica/vendor/laravel/framework/src/Illuminate/Routing/Router.php(561): Illuminate\Pipeline\Pipeline->then(Object(Closure))
#15 /var/www/html/preseme.com.br/web/clinica/vendor/laravel/framework/src/Illuminate/Routing/Router.php(520): Illuminate\Routing\Router->runRouteWithinStack(Object(Illuminate\Routing\Route), Object(Illuminate\Http\Request))
#16 /var/www/html/preseme.com.br/web/clinica/vendor/laravel/framework/src/Illuminate/Routing/Router.php(498): Illuminate\Routing\Router->dispatchToRoute(Object(Illuminate\Http\Request))
#17 /var/www/html/preseme.com.br/web/clinica/vendor/laravel/framework/src/Illuminate/Foundation/Http/Kernel.php(174): Illuminate\Routing\Router->dispatch(Object(Illuminate\Http\Request))
#18 /var/www/html/preseme.com.br/web/clinica/vendor/laravel/framework/src/Illuminate/Routing/Pipeline.php(30): Illuminate\Foundation\Http\Kernel->Illuminate\Foundation\Http\{closure}(Object(Illuminate\Http\Request))
#19 /var/www/html/preseme.com.br/web/clinica/vendor/laravel/framework/src/Illuminate/Foundation/Http/Middleware/TransformsRequest.php(30): Illuminate\Routing\Pipeline->Illuminate\Routing\{closure}(Object(Illuminate\Http\Request))
#20 /var/www/html/preseme.com.br/web/clinica/vendor/laravel/framework/src/Illuminate/Pipeline/Pipeline.php(148): Illuminate\Foundation\Http\Middleware\TransformsRequest->handle(Object(Illuminate\Http\Request), Object(Closure))
#21 /var/www/html/preseme.com.br/web/clinica/vendor/laravel/framework/src/Illuminate/Routing/Pipeline.php(53): Illuminate\Pipeline\Pipeline->Illuminate\Pipeline\{closure}(Object(Illuminate\Http\Request))
#22 /var/www/html/preseme.com.br/web/clinica/vendor/laravel/framework/src/Illuminate/Foundation/Http/Middleware/TransformsRequest.php(30): Illuminate\Routing\Pipeline->Illuminate\Routing\{closure}(Object(Illuminate\Http\Request))
#23 /var/www/html/preseme.com.br/web/clinica/vendor/laravel/framework/src/Illuminate/Pipeline/Pipeline.php(148): Illuminate\Foundation\Http\Middleware\TransformsRequest->handle(Object(Illuminate\Http\Request), Object(Closure))
#24 /var/www/html/preseme.com.br/web/clinica/vendor/laravel/framework/src/Illuminate/Routing/Pipeline.php(53): Illuminate\Pipeline\Pipeline->Illuminate\Pipeline\{closure}(Object(Illuminate\Http\Request))
#25 /var/www/html/preseme.com.br/web/clinica/vendor/laravel/framework/src/Illuminate/Foundation/Http/Middleware/ValidatePostSize.php(27): Illuminate\Routing\Pipeline->Illuminate\Routing\{closure}(Object(Illuminate\Http\Request))
#26 /var/www/html/preseme.com.br/web/clinica/vendor/laravel/framework/src/Illuminate/Pipeline/Pipeline.php(148): Illuminate\Foundation\Http\Middleware\ValidatePostSize->handle(Object(Illuminate\Http\Request), Object(Closure))
#27 /var/www/html/preseme.com.br/web/clinica/vendor/laravel/framework/src/Illuminate/Routing/Pipeline.php(53): Illuminate\Pipeline\Pipeline->Illuminate\Pipeline\{closure}(Object(Illuminate\Http\Request))
#28 /var/www/html/preseme.com.br/web/clinica/vendor/laravel/framework/src/Illuminate/Foundation/Http/Middleware/CheckForMaintenanceMode.php(46): Illuminate\Routing\Pipeline->Illuminate\Routing\{closure}(Object(Illuminate\Http\Request))
#29 /var/www/html/preseme.com.br/web/clinica/vendor/laravel/framework/src/Illuminate/Pipeline/Pipeline.php(148): Illuminate\Foundation\Http\Middleware\CheckForMaintenanceMode->handle(Object(Illuminate\Http\Request), Object(Closure))
#30 /var/www/html/preseme.com.br/web/clinica/vendor/laravel/framework/src/Illuminate/Routing/Pipeline.php(53): Illuminate\Pipeline\Pipeline->Illuminate\Pipeline\{closure}(Object(Illuminate\Http\Request))
#31 /var/www/html/preseme.com.br/web/clinica/vendor/laravel/framework/src/Illuminate/Pipeline/Pipeline.php(102): Illuminate\Routing\Pipeline->Illuminate\Routing\{closure}(Object(Illuminate\Http\Request))
#32 /var/www/html/preseme.com.br/web/clinica/vendor/laravel/framework/src/Illuminate/Foundation/Http/Kernel.php(149): Illuminate\Pipeline\Pipeline->then(Object(Closure))
#33 /var/www/html/preseme.com.br/web/clinica/vendor/laravel/framework/src/Illuminate/Foundation/Http/Kernel.php(116): Illuminate\Foundation\Http\Kernel->sendRequestThroughRouter(Object(Illuminate\Http\Request))
#34 /var/www/html/preseme.com.br/web/index.php(54): Illuminate\Foundation\Http\Kernel->handle(Object(Illuminate\Http\Request))
#35 {main}  
[2017-03-23 18:00:29] production.ERROR: exception 'RuntimeException' with message 'The only supported ciphers are AES-128-CBC and AES-256-CBC with the correct key lengths.' in /var/www/html/preseme.com.br/web/clinica/vendor/laravel/framework/src/Illuminate/Encryption/Encrypter.php:43
Stack trace:
#0 /var/www/html/preseme.com.br/web/clinica/vendor/laravel/framework/src/Illuminate/Encryption/EncryptionServiceProvider.php(27): Illuminate\Encryption\Encrypter->__construct(NULL, 'AES-256-CBC')
#1 /var/www/html/preseme.com.br/web/clinica/vendor/laravel/framework/src/Illuminate/Container/Container.php(716): Illuminate\Encryption\EncryptionServiceProvider->Illuminate\Encryption\{closure}(Object(Illuminate\Foundation\Application), Array)
#2 /var/www/html/preseme.com.br/web/clinica/vendor/laravel/framework/src/Illuminate/Container/Container.php(598): Illuminate\Container\Container->build(Object(Closure))
#3 /var/www/html/preseme.com.br/web/clinica/vendor/laravel/framework/src/Illuminate/Container/Container.php(567): Illuminate\Container\Container->resolve('encrypter')
#4 /var/www/html/preseme.com.br/web/clinica/vendor/laravel/framework/src/Illuminate/Foundation/Application.php(702): Illuminate\Container\Container->make('encrypter')
#5 /var/www/html/preseme.com.br/web/clinica/vendor/laravel/framework/src/Illuminate/Container/Container.php(840): Illuminate\Foundation\Application->make('Illuminate\\Cont...')
#6 /var/www/html/preseme.com.br/web/clinica/vendor/laravel/framework/src/Illuminate/Container/Container.php(780): Illuminate\Container\Container->resolveClass(Object(ReflectionParameter))
#7 /var/www/html/preseme.com.br/web/clinica/vendor/laravel/framework/src/Illuminate/Container/Container.php(748): Illuminate\Container\Container->resolveDependencies(Array)
#8 /var/www/html/preseme.com.br/web/clinica/vendor/laravel/framework/src/Illuminate/Container/Container.php(598): Illuminate\Container\Container->build('App\\Http\\Middle...')
#9 /var/www/html/preseme.com.br/web/clinica/vendor/laravel/framework/src/Illuminate/Container/Container.php(567): Illuminate\Container\Container->resolve('App\\Http\\Middle...')
#10 /var/www/html/preseme.com.br/web/clinica/vendor/laravel/framework/src/Illuminate/Foundation/Application.php(702): Illuminate\Container\Container->make('App\\Http\\Middle...')
#11 /var/www/html/preseme.com.br/web/clinica/vendor/laravel/framework/src/Illuminate/Foundation/Http/Kernel.php(213): Illuminate\Foundation\Application->make('App\\Http\\Middle...')
#12 /var/www/html/preseme.com.br/web/clinica/vendor/laravel/framework/src/Illuminate/Foundation/Http/Kernel.php(187): Illuminate\Foundation\Http\Kernel->terminateMiddleware(Object(Illuminate\Http\Request), Object(Illuminate\Http\Response))
#13 /var/www/html/preseme.com.br/web/index.php(58): Illuminate\Foundation\Http\Kernel->terminate(Object(Illuminate\Http\Request), Object(Illuminate\Http\Response))
#14 {main}  
